<?xml version="1.0" encoding="utf-8"?>
<coverage line-rate="0.8533" branch-rate="0.7804000000000001" version="1.9" timestamp="1645983473" lines-covered="256" lines-valid="300" branches-covered="64" branches-valid="82">
  <sources>
    <source>/Users/mohammed/RiderProjects/Mowerautomatic/src/</source>
  </sources>
  <packages>
    <package name="AM.Domain.Shared" line-rate="0.7692" branch-rate="1" complexity="5">
      <classes>
        <class name="AM.Domain.Shared.ValueObjects.Dimension" filename="AM.Domain.Shared/ValueObjects/Dimension.cs" line-rate="1" branch-rate="1" complexity="3">
          <methods>
            <method name="get_Width" signature="()" line-rate="1" branch-rate="1" complexity="1">
              <lines>
                <line number="11" hits="231" branch="False" />
              </lines>
            </method>
            <method name="get_Height" signature="()" line-rate="1" branch-rate="1" complexity="1">
              <lines>
                <line number="16" hits="212" branch="False" />
              </lines>
            </method>
            <method name=".ctor" signature="(System.Int32,System.Int32)" line-rate="1" branch-rate="1" complexity="1">
              <lines>
                <line number="24" hits="46" branch="False" />
                <line number="25" hits="46" branch="False" />
                <line number="26" hits="46" branch="False" />
                <line number="27" hits="46" branch="False" />
                <line number="28" hits="46" branch="False" />
              </lines>
            </method>
          </methods>
          <lines>
            <line number="11" hits="231" branch="False" />
            <line number="16" hits="212" branch="False" />
            <line number="24" hits="46" branch="False" />
            <line number="25" hits="46" branch="False" />
            <line number="26" hits="46" branch="False" />
            <line number="27" hits="46" branch="False" />
            <line number="28" hits="46" branch="False" />
          </lines>
        </class>
        <class name="AM.Domain.Shared.Specitifcations.Specification`1" filename="AM.Domain.Shared/Specitifcations/Specification.cs" line-rate="0.5" branch-rate="1" complexity="2">
          <methods>
            <method name="IsSatisfiedBy" signature="(T,System.Object[])" line-rate="1" branch-rate="1" complexity="1">
              <lines>
                <line number="11" hits="178" branch="False" />
                <line number="12" hits="178" branch="False" />
                <line number="13" hits="178" branch="False" />
              </lines>
            </method>
            <method name="op_Implicit" signature="(AM.Domain.Shared.Specitifcations.Specification`1&lt;T&gt;)" line-rate="0" branch-rate="1" complexity="1">
              <lines>
                <line number="16" hits="0" branch="False" />
                <line number="17" hits="0" branch="False" />
                <line number="18" hits="0" branch="False" />
              </lines>
            </method>
          </methods>
          <lines>
            <line number="11" hits="178" branch="False" />
            <line number="12" hits="178" branch="False" />
            <line number="13" hits="178" branch="False" />
            <line number="16" hits="0" branch="False" />
            <line number="17" hits="0" branch="False" />
            <line number="18" hits="0" branch="False" />
          </lines>
        </class>
      </classes>
    </package>
    <package name="AM.Domain" line-rate="0.8571" branch-rate="0.7804000000000001" complexity="136">
      <classes>
        <class name="MowerAutomatic.Domain.LawnAggregate.Exceptions.LawInvalidDimensionsException" filename="AM.Domain/LawnAggregate/Exceptions/LawInvalidDimensionsException.cs" line-rate="0.3333" branch-rate="1" complexity="3">
          <methods>
            <method name=".ctor" signature="()" line-rate="0" branch-rate="1" complexity="1">
              <lines>
                <line number="5" hits="0" branch="False" />
                <line number="6" hits="0" branch="False" />
                <line number="7" hits="0" branch="False" />
              </lines>
            </method>
            <method name=".ctor" signature="(System.String)" line-rate="1" branch-rate="1" complexity="1">
              <lines>
                <line number="8" hits="5" branch="False" />
                <line number="9" hits="5" branch="False" />
                <line number="10" hits="5" branch="False" />
              </lines>
            </method>
            <method name=".ctor" signature="(System.String,System.Exception)" line-rate="0" branch-rate="1" complexity="1">
              <lines>
                <line number="12" hits="0" branch="False" />
                <line number="13" hits="0" branch="False" />
                <line number="14" hits="0" branch="False" />
              </lines>
            </method>
          </methods>
          <lines>
            <line number="5" hits="0" branch="False" />
            <line number="6" hits="0" branch="False" />
            <line number="7" hits="0" branch="False" />
            <line number="8" hits="5" branch="False" />
            <line number="9" hits="5" branch="False" />
            <line number="10" hits="5" branch="False" />
            <line number="12" hits="0" branch="False" />
            <line number="13" hits="0" branch="False" />
            <line number="14" hits="0" branch="False" />
          </lines>
        </class>
        <class name="MowerAutomatic.Domain.LawnAggregate.Exceptions.LawnArgumentException" filename="AM.Domain/LawnAggregate/Exceptions/LawnArgumentException.cs" line-rate="0.3333" branch-rate="1" complexity="3">
          <methods>
            <method name=".ctor" signature="()" line-rate="0" branch-rate="1" complexity="1">
              <lines>
                <line number="5" hits="0" branch="False" />
                <line number="6" hits="0" branch="False" />
                <line number="8" hits="0" branch="False" />
              </lines>
            </method>
            <method name=".ctor" signature="(System.String)" line-rate="1" branch-rate="1" complexity="1">
              <lines>
                <line number="9" hits="1" branch="False" />
                <line number="10" hits="1" branch="False" />
                <line number="11" hits="1" branch="False" />
              </lines>
            </method>
            <method name=".ctor" signature="(System.String,System.Exception)" line-rate="0" branch-rate="1" complexity="1">
              <lines>
                <line number="13" hits="0" branch="False" />
                <line number="14" hits="0" branch="False" />
                <line number="15" hits="0" branch="False" />
              </lines>
            </method>
          </methods>
          <lines>
            <line number="5" hits="0" branch="False" />
            <line number="6" hits="0" branch="False" />
            <line number="8" hits="0" branch="False" />
            <line number="9" hits="1" branch="False" />
            <line number="10" hits="1" branch="False" />
            <line number="11" hits="1" branch="False" />
            <line number="13" hits="0" branch="False" />
            <line number="14" hits="0" branch="False" />
            <line number="15" hits="0" branch="False" />
          </lines>
        </class>
        <class name="MowerAutomatic.Domain.LawnAggregate.Exceptions.LawnEmptyCommandsException" filename="AM.Domain/LawnAggregate/Exceptions/LawnEmptyCommandsException.cs" line-rate="0.3333" branch-rate="1" complexity="3">
          <methods>
            <method name=".ctor" signature="()" line-rate="0" branch-rate="1" complexity="1">
              <lines>
                <line number="5" hits="0" branch="False" />
                <line number="6" hits="0" branch="False" />
                <line number="8" hits="0" branch="False" />
              </lines>
            </method>
            <method name=".ctor" signature="(System.String)" line-rate="1" branch-rate="1" complexity="1">
              <lines>
                <line number="9" hits="1" branch="False" />
                <line number="10" hits="1" branch="False" />
                <line number="11" hits="1" branch="False" />
              </lines>
            </method>
            <method name=".ctor" signature="(System.String,System.Exception)" line-rate="0" branch-rate="1" complexity="1">
              <lines>
                <line number="13" hits="0" branch="False" />
                <line number="14" hits="0" branch="False" />
                <line number="15" hits="0" branch="False" />
              </lines>
            </method>
          </methods>
          <lines>
            <line number="5" hits="0" branch="False" />
            <line number="6" hits="0" branch="False" />
            <line number="8" hits="0" branch="False" />
            <line number="9" hits="1" branch="False" />
            <line number="10" hits="1" branch="False" />
            <line number="11" hits="1" branch="False" />
            <line number="13" hits="0" branch="False" />
            <line number="14" hits="0" branch="False" />
            <line number="15" hits="0" branch="False" />
          </lines>
        </class>
        <class name="MowerAutomatic.Domain.LawnAggregate.Exceptions.MowerArgumentException" filename="AM.Domain/LawnAggregate/Exceptions/MowerArgumentException.cs" line-rate="0.3333" branch-rate="1" complexity="3">
          <methods>
            <method name=".ctor" signature="()" line-rate="0" branch-rate="1" complexity="1">
              <lines>
                <line number="7" hits="0" branch="False" />
                <line number="8" hits="0" branch="False" />
                <line number="10" hits="0" branch="False" />
              </lines>
            </method>
            <method name=".ctor" signature="(System.String)" line-rate="1" branch-rate="1" complexity="1">
              <lines>
                <line number="11" hits="7" branch="False" />
                <line number="12" hits="7" branch="False" />
                <line number="13" hits="7" branch="False" />
              </lines>
            </method>
            <method name=".ctor" signature="(System.String,System.Exception)" line-rate="0" branch-rate="1" complexity="1">
              <lines>
                <line number="15" hits="0" branch="False" />
                <line number="16" hits="0" branch="False" />
                <line number="17" hits="0" branch="False" />
              </lines>
            </method>
          </methods>
          <lines>
            <line number="7" hits="0" branch="False" />
            <line number="8" hits="0" branch="False" />
            <line number="10" hits="0" branch="False" />
            <line number="11" hits="7" branch="False" />
            <line number="12" hits="7" branch="False" />
            <line number="13" hits="7" branch="False" />
            <line number="15" hits="0" branch="False" />
            <line number="16" hits="0" branch="False" />
            <line number="17" hits="0" branch="False" />
          </lines>
        </class>
        <class name="MowerAutomatic.Domain.LawnAggregate.Exceptions.MowerEmptyInstructionsException" filename="AM.Domain/LawnAggregate/Exceptions/MowerEmptyInstructionsException.cs" line-rate="0" branch-rate="1" complexity="2">
          <methods>
            <method name=".ctor" signature="(System.String)" line-rate="0" branch-rate="1" complexity="1">
              <lines>
                <line number="5" hits="0" branch="False" />
                <line number="6" hits="0" branch="False" />
                <line number="8" hits="0" branch="False" />
              </lines>
            </method>
            <method name=".ctor" signature="(System.String,System.Exception)" line-rate="0" branch-rate="1" complexity="1">
              <lines>
                <line number="10" hits="0" branch="False" />
                <line number="11" hits="0" branch="False" />
                <line number="12" hits="0" branch="False" />
              </lines>
            </method>
          </methods>
          <lines>
            <line number="5" hits="0" branch="False" />
            <line number="6" hits="0" branch="False" />
            <line number="8" hits="0" branch="False" />
            <line number="10" hits="0" branch="False" />
            <line number="11" hits="0" branch="False" />
            <line number="12" hits="0" branch="False" />
          </lines>
        </class>
        <class name="AM.Domain.LawnAggregate.Lawn" filename="AM.Domain/LawnAggregate/Lawn.cs" line-rate="1" branch-rate="1" complexity="15">
          <methods>
            <method name="get_Id" signature="()" line-rate="1" branch-rate="1" complexity="1">
              <lines>
                <line number="21" hits="42" branch="False" />
              </lines>
            </method>
            <method name="get_Dimensions" signature="()" line-rate="1" branch-rate="1" complexity="1">
              <lines>
                <line number="26" hits="163" branch="False" />
              </lines>
            </method>
            <method name="get__mowers" signature="()" line-rate="1" branch-rate="1" complexity="1">
              <lines>
                <line number="31" hits="122" branch="False" />
              </lines>
            </method>
            <method name="get_Commands" signature="()" line-rate="1" branch-rate="1" complexity="1">
              <lines>
                <line number="41" hits="60" branch="False" />
              </lines>
            </method>
            <method name="get_Mowers" signature="()" line-rate="1" branch-rate="1" complexity="1">
              <lines>
                <line number="46" hits="93" branch="False" />
              </lines>
            </method>
            <method name="CreateInstance" signature="(System.Guid)" line-rate="1" branch-rate="1" complexity="1">
              <lines>
                <line number="70" hits="22" branch="False" />
                <line number="71" hits="22" branch="False" />
                <line number="72" hits="22" branch="False" />
              </lines>
            </method>
            <method name="SetDimensions" signature="(System.Int32,System.Int32)" line-rate="1" branch-rate="1" complexity="2">
              <lines>
                <line number="82" hits="22" branch="False" />
                <line number="83" hits="22" branch="False" />
                <line number="84" hits="22" branch="True" condition-coverage="100% (2/2)">
                  <conditions>
                    <condition number="36" type="jump" coverage="100%" />
                  </conditions>
                </line>
                <line number="85" hits="5" branch="False" />
                <line number="86" hits="5" branch="False" />
                <line number="88" hits="17" branch="False" />
                <line number="89" hits="17" branch="False" />
              </lines>
            </method>
            <method name="SetControlInstructions" signature="(System.Collections.Generic.List`1&lt;AM.Domain.LawnAggregate.Commands.CreateMowerCommand&gt;)" line-rate="1" branch-rate="1" complexity="1">
              <lines>
                <line number="97" hits="17" branch="False" />
                <line number="98" hits="17" branch="False" />
                <line number="99" hits="17" branch="False" />
                <line number="100" hits="17" branch="False" />
              </lines>
            </method>
            <method name="CreateMowers" signature="()" line-rate="1" branch-rate="1" complexity="2">
              <lines>
                <line number="107" hits="17" branch="False" />
                <line number="108" hits="54" branch="False" />
                <line number="110" hits="95" branch="True" condition-coverage="100% (2/2)">
                  <conditions>
                    <condition number="75" type="jump" coverage="100%" />
                  </conditions>
                </line>
                <line number="111" hits="27" branch="False" />
                <line number="112" hits="27" branch="False" />
                <line number="113" hits="23" branch="False" />
                <line number="114" hits="11" branch="False" />
                <line number="115" hits="11" branch="False" />
              </lines>
            </method>
            <method name="Start" signature="()" line-rate="1" branch-rate="1" complexity="2">
              <lines>
                <line number="122" hits="7" branch="False" />
                <line number="123" hits="55" branch="True" condition-coverage="100% (2/2)">
                  <conditions>
                    <condition number="46" type="jump" coverage="100%" />
                  </conditions>
                </line>
                <line number="124" hits="17" branch="False" />
                <line number="125" hits="17" branch="False" />
                <line number="126" hits="17" branch="False" />
                <line number="127" hits="7" branch="False" />
                <line number="128" hits="7" branch="False" />
              </lines>
            </method>
            <method name="Build" signature="()" line-rate="1" branch-rate="1" complexity="1">
              <lines>
                <line number="131" hits="11" branch="False" />
                <line number="132" hits="11" branch="False" />
                <line number="134" hits="9" branch="False" />
                <line number="137" hits="9" branch="False" />
              </lines>
            </method>
            <method name=".ctor" signature="(System.Guid)" line-rate="1" branch-rate="1" complexity="1">
              <lines>
                <line number="55" hits="22" branch="False" />
                <line number="56" hits="22" branch="False" />
                <line number="57" hits="22" branch="False" />
                <line number="58" hits="22" branch="False" />
                <line number="59" hits="22" branch="False" />
                <line number="60" hits="22" branch="False" />
                <line number="62" hits="22" branch="False" />
              </lines>
            </method>
          </methods>
          <lines>
            <line number="21" hits="42" branch="False" />
            <line number="26" hits="163" branch="False" />
            <line number="31" hits="122" branch="False" />
            <line number="41" hits="60" branch="False" />
            <line number="46" hits="93" branch="False" />
            <line number="70" hits="22" branch="False" />
            <line number="71" hits="22" branch="False" />
            <line number="72" hits="22" branch="False" />
            <line number="82" hits="22" branch="False" />
            <line number="83" hits="22" branch="False" />
            <line number="84" hits="22" branch="True" condition-coverage="100% (2/2)">
              <conditions>
                <condition number="36" type="jump" coverage="100%" />
              </conditions>
            </line>
            <line number="85" hits="5" branch="False" />
            <line number="86" hits="5" branch="False" />
            <line number="88" hits="17" branch="False" />
            <line number="89" hits="17" branch="False" />
            <line number="97" hits="17" branch="False" />
            <line number="98" hits="17" branch="False" />
            <line number="99" hits="17" branch="False" />
            <line number="100" hits="17" branch="False" />
            <line number="107" hits="17" branch="False" />
            <line number="108" hits="54" branch="False" />
            <line number="110" hits="95" branch="True" condition-coverage="100% (2/2)">
              <conditions>
                <condition number="75" type="jump" coverage="100%" />
              </conditions>
            </line>
            <line number="111" hits="27" branch="False" />
            <line number="112" hits="27" branch="False" />
            <line number="113" hits="23" branch="False" />
            <line number="114" hits="11" branch="False" />
            <line number="115" hits="11" branch="False" />
            <line number="122" hits="7" branch="False" />
            <line number="123" hits="55" branch="True" condition-coverage="100% (2/2)">
              <conditions>
                <condition number="46" type="jump" coverage="100%" />
              </conditions>
            </line>
            <line number="124" hits="17" branch="False" />
            <line number="125" hits="17" branch="False" />
            <line number="126" hits="17" branch="False" />
            <line number="127" hits="7" branch="False" />
            <line number="128" hits="7" branch="False" />
            <line number="131" hits="11" branch="False" />
            <line number="132" hits="11" branch="False" />
            <line number="134" hits="9" branch="False" />
            <line number="137" hits="9" branch="False" />
            <line number="55" hits="22" branch="False" />
            <line number="56" hits="22" branch="False" />
            <line number="57" hits="22" branch="False" />
            <line number="58" hits="22" branch="False" />
            <line number="59" hits="22" branch="False" />
            <line number="60" hits="22" branch="False" />
            <line number="62" hits="22" branch="False" />
          </lines>
        </class>
        <class name="AM.Domain.LawnAggregate.ValueObjects.Instruction" filename="AM.Domain/LawnAggregate/ValueObjects/Instruction.cs" line-rate="0.9333" branch-rate="0.7166" complexity="63">
          <methods>
            <method name="get_Code" signature="()" line-rate="1" branch-rate="1" complexity="1">
              <lines>
                <line number="18" hits="629" branch="False" />
              </lines>
            </method>
            <method name="Execute" signature="(AM.Domain.LawnAggregate.Entities.Mower,AM.Domain.Shared.ValueObjects.Dimension)" line-rate="0.9" branch-rate="0.6" complexity="5">
              <lines>
                <line number="41" hits="130" branch="False" />
                <line number="42" hits="130" branch="True" condition-coverage="60% (3/5)">
                  <conditions>
                    <condition number="11" type="switch" coverage="60%" />
                  </conditions>
                </line>
                <line number="46" hits="11" branch="False" />
                <line number="47" hits="11" branch="False" />
                <line number="48" hits="11" branch="False" />
                <line number="50" hits="119" branch="False" />
                <line number="51" hits="119" branch="False" />
                <line number="52" hits="119" branch="False" />
                <line number="55" hits="0" branch="False" />
                <line number="57" hits="130" branch="False" />
              </lines>
            </method>
            <method name="NextPosition" signature="(AM.Domain.LawnAggregate.Entities.Mower,AM.Domain.Shared.ValueObjects.Dimension)" line-rate="0.95" branch-rate="0.8571" complexity="7">
              <lines>
                <line number="60" hits="119" branch="False" />
                <line number="61" hits="119" branch="True" condition-coverage="80% (4/5)">
                  <conditions>
                    <condition number="16" type="switch" coverage="80%" />
                  </conditions>
                </line>
                <line number="64" hits="29" branch="False" />
                <line number="65" hits="29" branch="False" />
                <line number="66" hits="29" branch="False" />
                <line number="68" hits="31" branch="False" />
                <line number="69" hits="31" branch="False" />
                <line number="70" hits="31" branch="False" />
                <line number="72" hits="30" branch="False" />
                <line number="73" hits="30" branch="False" />
                <line number="74" hits="30" branch="False" />
                <line number="76" hits="29" branch="False" />
                <line number="77" hits="29" branch="False" />
                <line number="78" hits="29" branch="False" />
                <line number="80" hits="0" branch="False" />
                <line number="83" hits="119" branch="True" condition-coverage="100% (2/2)">
                  <conditions>
                    <condition number="208" type="jump" coverage="100%" />
                  </conditions>
                </line>
                <line number="84" hits="87" branch="False" />
                <line number="85" hits="87" branch="False" />
                <line number="86" hits="87" branch="False" />
                <line number="87" hits="119" branch="False" />
              </lines>
            </method>
            <method name="Turn" signature="(AM.Domain.LawnAggregate.Entities.Mower)" line-rate="0.9166" branch-rate="0.8" complexity="5">
              <lines>
                <line number="90" hits="11" branch="False" />
                <line number="91" hits="11" branch="True" condition-coverage="80% (4/5)">
                  <conditions>
                    <condition number="16" type="switch" coverage="80%" />
                  </conditions>
                </line>
                <line number="94" hits="2" branch="False" />
                <line number="95" hits="2" branch="False" />
                <line number="97" hits="5" branch="False" />
                <line number="98" hits="5" branch="False" />
                <line number="100" hits="2" branch="False" />
                <line number="101" hits="2" branch="False" />
                <line number="103" hits="2" branch="False" />
                <line number="104" hits="2" branch="False" />
                <line number="106" hits="0" branch="False" />
                <line number="108" hits="11" branch="False" />
              </lines>
            </method>
            <method name="OrientationFromDirection" signature="(AM.Domain.LawnAggregate.Enums.Orientation)" line-rate="0.9229999999999999" branch-rate="0.6842" complexity="38">
              <lines>
                <line number="111" hits="11" branch="False" />
                <line number="112" hits="11" branch="False" />
                <line number="114" hits="11" branch="True" condition-coverage="68.42% (26/38)">
                  <conditions>
                    <condition number="62" type="jump" coverage="100%" />
                    <condition number="71" type="jump" coverage="100%" />
                    <condition number="80" type="jump" coverage="100%" />
                    <condition number="111" type="jump" coverage="100%" />
                    <condition number="139" type="jump" coverage="100%" />
                    <condition number="148" type="jump" coverage="100%" />
                    <condition number="176" type="jump" coverage="100%" />
                    <condition number="94" type="jump" coverage="50%" />
                    <condition number="187" type="jump" coverage="50%" />
                    <condition number="122" type="jump" coverage="50%" />
                    <condition number="159" type="jump" coverage="50%" />
                    <condition number="205" type="jump" coverage="50%" />
                    <condition number="223" type="jump" coverage="50%" />
                    <condition number="241" type="jump" coverage="50%" />
                    <condition number="256" type="jump" coverage="50%" />
                    <condition number="271" type="jump" coverage="50%" />
                    <condition number="286" type="jump" coverage="50%" />
                    <condition number="301" type="jump" coverage="50%" />
                    <condition number="316" type="jump" coverage="50%" />
                  </conditions>
                </line>
                <line number="117" hits="1" branch="False" />
                <line number="119" hits="1" branch="False" />
                <line number="121" hits="1" branch="False" />
                <line number="123" hits="4" branch="False" />
                <line number="125" hits="1" branch="False" />
                <line number="127" hits="1" branch="False" />
                <line number="129" hits="1" branch="False" />
                <line number="131" hits="1" branch="False" />
                <line number="133" hits="0" branch="False" />
                <line number="135" hits="11" branch="False" />
              </lines>
            </method>
            <method name="RollbackLastMove" signature="(AM.Domain.LawnAggregate.Entities.Mower)" line-rate="0.9166" branch-rate="0.8" complexity="5">
              <lines>
                <line number="138" hits="87" branch="False" />
                <line number="139" hits="87" branch="True" condition-coverage="80% (4/5)">
                  <conditions>
                    <condition number="11" type="switch" coverage="80%" />
                  </conditions>
                </line>
                <line number="142" hits="21" branch="False" />
                <line number="143" hits="21" branch="False" />
                <line number="145" hits="27" branch="False" />
                <line number="146" hits="27" branch="False" />
                <line number="148" hits="18" branch="False" />
                <line number="149" hits="18" branch="False" />
                <line number="151" hits="21" branch="False" />
                <line number="152" hits="21" branch="False" />
                <line number="154" hits="0" branch="False" />
                <line number="156" hits="87" branch="False" />
              </lines>
            </method>
            <method name="IsMovingOutsideLawn" signature="(AM.Domain.LawnAggregate.Entities.Mower,AM.Domain.Shared.ValueObjects.Dimension)" line-rate="1" branch-rate="1" complexity="1">
              <lines>
                <line number="165" hits="119" branch="False" />
                <line number="166" hits="119" branch="False" />
                <line number="167" hits="119" branch="False" />
              </lines>
            </method>
            <method name=".ctor" signature="(AM.Domain.LawnAggregate.Enums.InstructionCode)" line-rate="1" branch-rate="1" complexity="1">
              <lines>
                <line number="29" hits="453" branch="False" />
                <line number="30" hits="453" branch="False" />
                <line number="31" hits="453" branch="False" />
                <line number="32" hits="453" branch="False" />
              </lines>
            </method>
          </methods>
          <lines>
            <line number="18" hits="629" branch="False" />
            <line number="41" hits="130" branch="False" />
            <line number="42" hits="130" branch="True" condition-coverage="60% (3/5)">
              <conditions>
                <condition number="11" type="switch" coverage="60%" />
              </conditions>
            </line>
            <line number="46" hits="11" branch="False" />
            <line number="47" hits="11" branch="False" />
            <line number="48" hits="11" branch="False" />
            <line number="50" hits="119" branch="False" />
            <line number="51" hits="119" branch="False" />
            <line number="52" hits="119" branch="False" />
            <line number="55" hits="0" branch="False" />
            <line number="57" hits="130" branch="False" />
            <line number="60" hits="119" branch="False" />
            <line number="61" hits="119" branch="True" condition-coverage="80% (4/5)">
              <conditions>
                <condition number="16" type="switch" coverage="80%" />
              </conditions>
            </line>
            <line number="64" hits="29" branch="False" />
            <line number="65" hits="29" branch="False" />
            <line number="66" hits="29" branch="False" />
            <line number="68" hits="31" branch="False" />
            <line number="69" hits="31" branch="False" />
            <line number="70" hits="31" branch="False" />
            <line number="72" hits="30" branch="False" />
            <line number="73" hits="30" branch="False" />
            <line number="74" hits="30" branch="False" />
            <line number="76" hits="29" branch="False" />
            <line number="77" hits="29" branch="False" />
            <line number="78" hits="29" branch="False" />
            <line number="80" hits="0" branch="False" />
            <line number="83" hits="119" branch="True" condition-coverage="100% (2/2)">
              <conditions>
                <condition number="208" type="jump" coverage="100%" />
              </conditions>
            </line>
            <line number="84" hits="87" branch="False" />
            <line number="85" hits="87" branch="False" />
            <line number="86" hits="87" branch="False" />
            <line number="87" hits="119" branch="False" />
            <line number="90" hits="11" branch="False" />
            <line number="91" hits="11" branch="True" condition-coverage="80% (4/5)">
              <conditions>
                <condition number="16" type="switch" coverage="80%" />
              </conditions>
            </line>
            <line number="94" hits="2" branch="False" />
            <line number="95" hits="2" branch="False" />
            <line number="97" hits="5" branch="False" />
            <line number="98" hits="5" branch="False" />
            <line number="100" hits="2" branch="False" />
            <line number="101" hits="2" branch="False" />
            <line number="103" hits="2" branch="False" />
            <line number="104" hits="2" branch="False" />
            <line number="106" hits="0" branch="False" />
            <line number="108" hits="11" branch="False" />
            <line number="111" hits="11" branch="False" />
            <line number="112" hits="11" branch="False" />
            <line number="114" hits="11" branch="True" condition-coverage="68.42% (26/38)">
              <conditions>
                <condition number="62" type="jump" coverage="100%" />
                <condition number="71" type="jump" coverage="100%" />
                <condition number="80" type="jump" coverage="100%" />
                <condition number="111" type="jump" coverage="100%" />
                <condition number="139" type="jump" coverage="100%" />
                <condition number="148" type="jump" coverage="100%" />
                <condition number="176" type="jump" coverage="100%" />
                <condition number="94" type="jump" coverage="50%" />
                <condition number="187" type="jump" coverage="50%" />
                <condition number="122" type="jump" coverage="50%" />
                <condition number="159" type="jump" coverage="50%" />
                <condition number="205" type="jump" coverage="50%" />
                <condition number="223" type="jump" coverage="50%" />
                <condition number="241" type="jump" coverage="50%" />
                <condition number="256" type="jump" coverage="50%" />
                <condition number="271" type="jump" coverage="50%" />
                <condition number="286" type="jump" coverage="50%" />
                <condition number="301" type="jump" coverage="50%" />
                <condition number="316" type="jump" coverage="50%" />
              </conditions>
            </line>
            <line number="117" hits="1" branch="False" />
            <line number="119" hits="1" branch="False" />
            <line number="121" hits="1" branch="False" />
            <line number="123" hits="4" branch="False" />
            <line number="125" hits="1" branch="False" />
            <line number="127" hits="1" branch="False" />
            <line number="129" hits="1" branch="False" />
            <line number="131" hits="1" branch="False" />
            <line number="133" hits="0" branch="False" />
            <line number="135" hits="11" branch="False" />
            <line number="138" hits="87" branch="False" />
            <line number="139" hits="87" branch="True" condition-coverage="80% (4/5)">
              <conditions>
                <condition number="11" type="switch" coverage="80%" />
              </conditions>
            </line>
            <line number="142" hits="21" branch="False" />
            <line number="143" hits="21" branch="False" />
            <line number="145" hits="27" branch="False" />
            <line number="146" hits="27" branch="False" />
            <line number="148" hits="18" branch="False" />
            <line number="149" hits="18" branch="False" />
            <line number="151" hits="21" branch="False" />
            <line number="152" hits="21" branch="False" />
            <line number="154" hits="0" branch="False" />
            <line number="156" hits="87" branch="False" />
            <line number="165" hits="119" branch="False" />
            <line number="166" hits="119" branch="False" />
            <line number="167" hits="119" branch="False" />
            <line number="29" hits="453" branch="False" />
            <line number="30" hits="453" branch="False" />
            <line number="31" hits="453" branch="False" />
            <line number="32" hits="453" branch="False" />
          </lines>
        </class>
        <class name="AM.Domain.LawnAggregate.ValueObjects.Position" filename="AM.Domain/LawnAggregate/ValueObjects/Position.cs" line-rate="1" branch-rate="1" complexity="9">
          <methods>
            <method name="get_X" signature="()" line-rate="1" branch-rate="1" complexity="1">
              <lines>
                <line number="14" hits="967" branch="False" />
              </lines>
            </method>
            <method name="get_Y" signature="()" line-rate="1" branch-rate="1" complexity="1">
              <lines>
                <line number="19" hits="898" branch="False" />
              </lines>
            </method>
            <method name="get_Orientation" signature="()" line-rate="1" branch-rate="1" complexity="1">
              <lines>
                <line number="24" hits="607" branch="False" />
              </lines>
            </method>
            <method name="IncrementX" signature="()" line-rate="1" branch-rate="1" complexity="1">
              <lines>
                <line number="48" hits="58" branch="False" />
                <line number="49" hits="58" branch="False" />
                <line number="50" hits="58" branch="False" />
                <line number="51" hits="58" branch="False" />
              </lines>
            </method>
            <method name="DecrementX" signature="()" line-rate="1" branch-rate="1" complexity="1">
              <lines>
                <line number="54" hits="50" branch="False" />
                <line number="55" hits="50" branch="False" />
                <line number="56" hits="50" branch="False" />
                <line number="57" hits="50" branch="False" />
              </lines>
            </method>
            <method name="IncrementY" signature="()" line-rate="1" branch-rate="1" complexity="1">
              <lines>
                <line number="60" hits="50" branch="False" />
                <line number="61" hits="50" branch="False" />
                <line number="62" hits="50" branch="False" />
                <line number="63" hits="50" branch="False" />
              </lines>
            </method>
            <method name="DecrementY" signature="()" line-rate="1" branch-rate="1" complexity="1">
              <lines>
                <line number="66" hits="48" branch="False" />
                <line number="67" hits="48" branch="False" />
                <line number="68" hits="48" branch="False" />
                <line number="69" hits="48" branch="False" />
              </lines>
            </method>
            <method name="Turn" signature="(AM.Domain.LawnAggregate.Enums.Orientation)" line-rate="1" branch-rate="1" complexity="1">
              <lines>
                <line number="77" hits="11" branch="False" />
                <line number="78" hits="11" branch="False" />
                <line number="79" hits="11" branch="False" />
                <line number="80" hits="11" branch="False" />
              </lines>
            </method>
            <method name=".ctor" signature="(System.Int32,System.Int32,AM.Domain.LawnAggregate.Enums.Orientation,System.Int32)" line-rate="1" branch-rate="1" complexity="1">
              <lines>
                <line number="39" hits="307" branch="False" />
                <line number="40" hits="307" branch="False" />
                <line number="41" hits="307" branch="False" />
                <line number="42" hits="307" branch="False" />
                <line number="43" hits="307" branch="False" />
                <line number="44" hits="307" branch="False" />
                <line number="45" hits="307" branch="False" />
              </lines>
            </method>
          </methods>
          <lines>
            <line number="14" hits="967" branch="False" />
            <line number="19" hits="898" branch="False" />
            <line number="24" hits="607" branch="False" />
            <line number="48" hits="58" branch="False" />
            <line number="49" hits="58" branch="False" />
            <line number="50" hits="58" branch="False" />
            <line number="51" hits="58" branch="False" />
            <line number="54" hits="50" branch="False" />
            <line number="55" hits="50" branch="False" />
            <line number="56" hits="50" branch="False" />
            <line number="57" hits="50" branch="False" />
            <line number="60" hits="50" branch="False" />
            <line number="61" hits="50" branch="False" />
            <line number="62" hits="50" branch="False" />
            <line number="63" hits="50" branch="False" />
            <line number="66" hits="48" branch="False" />
            <line number="67" hits="48" branch="False" />
            <line number="68" hits="48" branch="False" />
            <line number="69" hits="48" branch="False" />
            <line number="77" hits="11" branch="False" />
            <line number="78" hits="11" branch="False" />
            <line number="79" hits="11" branch="False" />
            <line number="80" hits="11" branch="False" />
            <line number="39" hits="307" branch="False" />
            <line number="40" hits="307" branch="False" />
            <line number="41" hits="307" branch="False" />
            <line number="42" hits="307" branch="False" />
            <line number="43" hits="307" branch="False" />
            <line number="44" hits="307" branch="False" />
            <line number="45" hits="307" branch="False" />
          </lines>
        </class>
        <class name="AM.Domain.LawnAggregate.Validators.LawnValidator" filename="AM.Domain/LawnAggregate/Validators/LawnValidator.cs" line-rate="1" branch-rate="1" complexity="4">
          <methods>
            <method name="Validate" signature="(AM.Domain.LawnAggregate.Lawn)" line-rate="1" branch-rate="1" complexity="4">
              <lines>
                <line number="10" hits="11" branch="False" />
                <line number="11" hits="11" branch="True" condition-coverage="100% (2/2)">
                  <conditions>
                    <condition number="19" type="jump" coverage="100%" />
                  </conditions>
                </line>
                <line number="12" hits="1" branch="False" />
                <line number="13" hits="1" branch="False" />
                <line number="15" hits="10" branch="True" condition-coverage="100% (2/2)">
                  <conditions>
                    <condition number="49" type="jump" coverage="100%" />
                  </conditions>
                </line>
                <line number="16" hits="1" branch="False" />
                <line number="17" hits="1" branch="False" />
                <line number="20" hits="9" branch="False" />
                <line number="21" hits="9" branch="False" />
              </lines>
            </method>
          </methods>
          <lines>
            <line number="10" hits="11" branch="False" />
            <line number="11" hits="11" branch="True" condition-coverage="100% (2/2)">
              <conditions>
                <condition number="19" type="jump" coverage="100%" />
              </conditions>
            </line>
            <line number="12" hits="1" branch="False" />
            <line number="13" hits="1" branch="False" />
            <line number="15" hits="10" branch="True" condition-coverage="100% (2/2)">
              <conditions>
                <condition number="49" type="jump" coverage="100%" />
              </conditions>
            </line>
            <line number="16" hits="1" branch="False" />
            <line number="17" hits="1" branch="False" />
            <line number="20" hits="9" branch="False" />
            <line number="21" hits="9" branch="False" />
          </lines>
        </class>
        <class name="AM.Domain.LawnAggregate.Validators.MowerCommandValidator" filename="AM.Domain/LawnAggregate/Validators/MowerCommandValidator.cs" line-rate="1" branch-rate="1" complexity="6">
          <methods>
            <method name="Validate" signature="(AM.Domain.LawnAggregate.Commands.CreateMowerCommand)" line-rate="1" branch-rate="1" complexity="6">
              <lines>
                <line number="11" hits="51" branch="False" />
                <line number="12" hits="51" branch="True" condition-coverage="100% (2/2)">
                  <conditions>
                    <condition number="7" type="jump" coverage="100%" />
                  </conditions>
                </line>
                <line number="13" hits="1" branch="False" />
                <line number="14" hits="1" branch="False" />
                <line number="15" hits="1" branch="False" />
                <line number="17" hits="50" branch="True" condition-coverage="100% (2/2)">
                  <conditions>
                    <condition number="49" type="jump" coverage="100%" />
                  </conditions>
                </line>
                <line number="18" hits="2" branch="False" />
                <line number="19" hits="2" branch="False" />
                <line number="20" hits="2" branch="False" />
                <line number="22" hits="48" branch="True" condition-coverage="100% (2/2)">
                  <conditions>
                    <condition number="89" type="jump" coverage="100%" />
                  </conditions>
                </line>
                <line number="23" hits="2" branch="False" />
                <line number="24" hits="2" branch="False" />
                <line number="26" hits="46" branch="False" />
              </lines>
            </method>
          </methods>
          <lines>
            <line number="11" hits="51" branch="False" />
            <line number="12" hits="51" branch="True" condition-coverage="100% (2/2)">
              <conditions>
                <condition number="7" type="jump" coverage="100%" />
              </conditions>
            </line>
            <line number="13" hits="1" branch="False" />
            <line number="14" hits="1" branch="False" />
            <line number="15" hits="1" branch="False" />
            <line number="17" hits="50" branch="True" condition-coverage="100% (2/2)">
              <conditions>
                <condition number="49" type="jump" coverage="100%" />
              </conditions>
            </line>
            <line number="18" hits="2" branch="False" />
            <line number="19" hits="2" branch="False" />
            <line number="20" hits="2" branch="False" />
            <line number="22" hits="48" branch="True" condition-coverage="100% (2/2)">
              <conditions>
                <condition number="89" type="jump" coverage="100%" />
              </conditions>
            </line>
            <line number="23" hits="2" branch="False" />
            <line number="24" hits="2" branch="False" />
            <line number="26" hits="46" branch="False" />
          </lines>
        </class>
        <class name="AM.Domain.LawnAggregate.Validators.MowerPositionValidator" filename="AM.Domain/LawnAggregate/Validators/MowerPositionValidator.cs" line-rate="1" branch-rate="1" complexity="2">
          <methods>
            <method name="Validate" signature="(AM.Domain.LawnAggregate.ValueObjects.Position,AM.Domain.Shared.ValueObjects.Dimension)" line-rate="1" branch-rate="1" complexity="2">
              <lines>
                <line number="12" hits="37" branch="False" />
                <line number="13" hits="37" branch="True" condition-coverage="100% (2/2)">
                  <conditions>
                    <condition number="24" type="jump" coverage="100%" />
                  </conditions>
                </line>
                <line number="14" hits="2" branch="False" />
                <line number="15" hits="2" branch="False" />
                <line number="17" hits="35" branch="False" />
              </lines>
            </method>
          </methods>
          <lines>
            <line number="12" hits="37" branch="False" />
            <line number="13" hits="37" branch="True" condition-coverage="100% (2/2)">
              <conditions>
                <condition number="24" type="jump" coverage="100%" />
              </conditions>
            </line>
            <line number="14" hits="2" branch="False" />
            <line number="15" hits="2" branch="False" />
            <line number="17" hits="35" branch="False" />
          </lines>
        </class>
        <class name="AM.Domain.LawnAggregate.Specifications.IsMovingOutsideLawn" filename="AM.Domain/LawnAggregate/Specifications/IsMovingOutsideLawn.cs" line-rate="1" branch-rate="1" complexity="1">
          <methods>
            <method name="ToExpression" signature="()" line-rate="1" branch-rate="1" complexity="1">
              <lines>
                <line number="11" hits="156" branch="False" />
                <line number="12" hits="156" branch="False" />
                <line number="13" hits="156" branch="False" />
                <line number="14" hits="156" branch="False" />
                <line number="15" hits="156" branch="False" />
                <line number="16" hits="156" branch="False" />
                <line number="17" hits="156" branch="False" />
                <line number="18" hits="156" branch="False" />
                <line number="19" hits="156" branch="False" />
              </lines>
            </method>
          </methods>
          <lines>
            <line number="11" hits="156" branch="False" />
            <line number="12" hits="156" branch="False" />
            <line number="13" hits="156" branch="False" />
            <line number="14" hits="156" branch="False" />
            <line number="15" hits="156" branch="False" />
            <line number="16" hits="156" branch="False" />
            <line number="17" hits="156" branch="False" />
            <line number="18" hits="156" branch="False" />
            <line number="19" hits="156" branch="False" />
          </lines>
        </class>
        <class name="AM.Domain.LawnAggregate.Specifications.IsValidLawDimensions" filename="AM.Domain/LawnAggregate/Specifications/IsValidLawDimensions.cs" line-rate="1" branch-rate="1" complexity="1">
          <methods>
            <method name="ToExpression" signature="()" line-rate="1" branch-rate="1" complexity="1">
              <lines>
                <line number="9" hits="22" branch="False" />
                <line number="10" hits="22" branch="False" />
                <line number="11" hits="22" branch="False" />
                <line number="12" hits="22" branch="False" />
              </lines>
            </method>
          </methods>
          <lines>
            <line number="9" hits="22" branch="False" />
            <line number="10" hits="22" branch="False" />
            <line number="11" hits="22" branch="False" />
            <line number="12" hits="22" branch="False" />
          </lines>
        </class>
        <class name="AM.Domain.LawnAggregate.Exceptions.LawnInvalidCommandsCountException" filename="AM.Domain/LawnAggregate/Exceptions/LawnInvalidCommandsCountException.cs" line-rate="0" branch-rate="1" complexity="2">
          <methods>
            <method name=".ctor" signature="(System.String)" line-rate="0" branch-rate="1" complexity="1">
              <lines>
                <line number="5" hits="0" branch="False" />
                <line number="6" hits="0" branch="False" />
                <line number="7" hits="0" branch="False" />
              </lines>
            </method>
            <method name=".ctor" signature="(System.String,System.Exception)" line-rate="0" branch-rate="1" complexity="1">
              <lines>
                <line number="9" hits="0" branch="False" />
                <line number="10" hits="0" branch="False" />
                <line number="11" hits="0" branch="False" />
              </lines>
            </method>
          </methods>
          <lines>
            <line number="5" hits="0" branch="False" />
            <line number="6" hits="0" branch="False" />
            <line number="7" hits="0" branch="False" />
            <line number="9" hits="0" branch="False" />
            <line number="10" hits="0" branch="False" />
            <line number="11" hits="0" branch="False" />
          </lines>
        </class>
        <class name="AM.Domain.LawnAggregate.Entities.Mower" filename="AM.Domain/LawnAggregate/Entities/Mower.cs" line-rate="1" branch-rate="0.75" complexity="10">
          <methods>
            <method name="get_Id" signature="()" line-rate="1" branch-rate="1" complexity="1">
              <lines>
                <line number="16" hits="25" branch="False" />
              </lines>
            </method>
            <method name="get_Position" signature="()" line-rate="1" branch-rate="1" complexity="1">
              <lines>
                <line number="21" hits="732" branch="False" />
              </lines>
            </method>
            <method name="get__events" signature="()" line-rate="1" branch-rate="1" complexity="1">
              <lines>
                <line number="26" hits="159" branch="False" />
              </lines>
            </method>
            <method name="get_Events" signature="()" line-rate="1" branch-rate="1" complexity="1">
              <lines>
                <line number="31" hits="6" branch="False" />
              </lines>
            </method>
            <method name="get_Instructions" signature="()" line-rate="1" branch-rate="1" complexity="1">
              <lines>
                <line number="41" hits="20" branch="False" />
              </lines>
            </method>
            <method name="Run" signature="(AM.Domain.Shared.ValueObjects.Dimension)" line-rate="1" branch-rate="1" complexity="2">
              <lines>
                <line number="62" hits="17" branch="False" />
                <line number="63" hits="311" branch="True" condition-coverage="100% (2/2)">
                  <conditions>
                    <condition number="42" type="jump" coverage="100%" />
                  </conditions>
                </line>
                <line number="64" hits="130" branch="False" />
                <line number="65" hits="130" branch="False" />
                <line number="66" hits="130" branch="False" />
                <line number="67" hits="17" branch="False" />
              </lines>
            </method>
            <method name="AddMowerEvent" signature="(AM.Domain.LawnAggregate.ValueObjects.Position)" line-rate="1" branch-rate="0.5" complexity="2">
              <lines>
                <line number="74" hits="130" branch="False" />
                <line number="75" hits="130" branch="True" condition-coverage="50% (1/2)">
                  <conditions>
                    <condition number="8" type="jump" coverage="50%" />
                  </conditions>
                </line>
                <line number="76" hits="130" branch="False" />
              </lines>
            </method>
            <method name=".ctor" signature="(AM.Domain.LawnAggregate.Commands.CreateMowerCommand)" line-rate="1" branch-rate="1" complexity="1">
              <lines>
                <line number="36" hits="27" branch="False" />
                <line number="47" hits="27" branch="False" />
                <line number="48" hits="27" branch="False" />
                <line number="49" hits="27" branch="False" />
                <line number="51" hits="23" branch="False" />
                <line number="52" hits="23" branch="False" />
                <line number="53" hits="23" branch="False" />
                <line number="54" hits="23" branch="False" />
                <line number="55" hits="23" branch="False" />
              </lines>
            </method>
          </methods>
          <lines>
            <line number="16" hits="25" branch="False" />
            <line number="21" hits="732" branch="False" />
            <line number="26" hits="159" branch="False" />
            <line number="31" hits="6" branch="False" />
            <line number="41" hits="20" branch="False" />
            <line number="62" hits="17" branch="False" />
            <line number="63" hits="311" branch="True" condition-coverage="100% (2/2)">
              <conditions>
                <condition number="42" type="jump" coverage="100%" />
              </conditions>
            </line>
            <line number="64" hits="130" branch="False" />
            <line number="65" hits="130" branch="False" />
            <line number="66" hits="130" branch="False" />
            <line number="67" hits="17" branch="False" />
            <line number="74" hits="130" branch="False" />
            <line number="75" hits="130" branch="True" condition-coverage="50% (1/2)">
              <conditions>
                <condition number="8" type="jump" coverage="50%" />
              </conditions>
            </line>
            <line number="76" hits="130" branch="False" />
            <line number="36" hits="27" branch="False" />
            <line number="47" hits="27" branch="False" />
            <line number="48" hits="27" branch="False" />
            <line number="49" hits="27" branch="False" />
            <line number="51" hits="23" branch="False" />
            <line number="52" hits="23" branch="False" />
            <line number="53" hits="23" branch="False" />
            <line number="54" hits="23" branch="False" />
            <line number="55" hits="23" branch="False" />
          </lines>
        </class>
        <class name="AM.Domain.LawnAggregate.Commands.CreateMowerCommand" filename="AM.Domain/LawnAggregate/Commands/CreateMowerCommand.cs" line-rate="1" branch-rate="1" complexity="4">
          <methods>
            <method name="get_MowerId" signature="()" line-rate="1" branch-rate="1" complexity="1">
              <lines>
                <line number="7" hits="249" branch="False" />
              </lines>
            </method>
            <method name="get_StartingPosition" signature="()" line-rate="1" branch-rate="1" complexity="1">
              <lines>
                <line number="9" hits="281" branch="False" />
              </lines>
            </method>
            <method name="get_Instructions" signature="()" line-rate="1" branch-rate="1" complexity="1">
              <lines>
                <line number="11" hits="292" branch="False" />
              </lines>
            </method>
            <method name=".ctor" signature="(System.Guid,AM.Domain.LawnAggregate.ValueObjects.Position,System.Collections.Generic.List`1&lt;AM.Domain.LawnAggregate.ValueObjects.Instruction&gt;)" line-rate="1" branch-rate="1" complexity="1">
              <lines>
                <line number="13" hits="59" branch="False" />
                <line number="14" hits="59" branch="False" />
                <line number="15" hits="59" branch="False" />
                <line number="16" hits="59" branch="False" />
                <line number="17" hits="59" branch="False" />
                <line number="18" hits="59" branch="False" />
              </lines>
            </method>
          </methods>
          <lines>
            <line number="7" hits="249" branch="False" />
            <line number="9" hits="281" branch="False" />
            <line number="11" hits="292" branch="False" />
            <line number="13" hits="59" branch="False" />
            <line number="14" hits="59" branch="False" />
            <line number="15" hits="59" branch="False" />
            <line number="16" hits="59" branch="False" />
            <line number="17" hits="59" branch="False" />
            <line number="18" hits="59" branch="False" />
          </lines>
        </class>
        <class name="AM.Domain.LawnAggregate.Commands.StartProcessCommand" filename="AM.Domain/LawnAggregate/Commands/StartProcessCommand.cs" line-rate="1" branch-rate="1" complexity="4">
          <methods>
            <method name="get_LawnId" signature="()" line-rate="1" branch-rate="1" complexity="1">
              <lines>
                <line number="14" hits="3" branch="False" />
              </lines>
            </method>
            <method name="get_LawnDimensions" signature="()" line-rate="1" branch-rate="1" complexity="1">
              <lines>
                <line number="16" hits="5" branch="False" />
              </lines>
            </method>
            <method name="get_Commands" signature="()" line-rate="1" branch-rate="1" complexity="1">
              <lines>
                <line number="18" hits="6" branch="False" />
              </lines>
            </method>
            <method name=".ctor" signature="(System.Guid,AM.Domain.Shared.ValueObjects.Dimension,System.Collections.Generic.List`1&lt;AM.Domain.LawnAggregate.Commands.CreateMowerCommand&gt;)" line-rate="1" branch-rate="1" complexity="1">
              <lines>
                <line number="7" hits="1" branch="False" />
                <line number="8" hits="1" branch="False" />
                <line number="9" hits="1" branch="False" />
                <line number="10" hits="1" branch="False" />
                <line number="11" hits="1" branch="False" />
                <line number="12" hits="1" branch="False" />
              </lines>
            </method>
          </methods>
          <lines>
            <line number="14" hits="3" branch="False" />
            <line number="16" hits="5" branch="False" />
            <line number="18" hits="6" branch="False" />
            <line number="7" hits="1" branch="False" />
            <line number="8" hits="1" branch="False" />
            <line number="9" hits="1" branch="False" />
            <line number="10" hits="1" branch="False" />
            <line number="11" hits="1" branch="False" />
            <line number="12" hits="1" branch="False" />
          </lines>
        </class>
        <class name="AM.Domain.DomainServices.LawnDomainService" filename="AM.Domain/DomainServices/LawnDomainService.cs" line-rate="1" branch-rate="1" complexity="1">
          <methods>
            <method name="StartProcess" signature="(AM.Domain.LawnAggregate.Commands.StartProcessCommand)" line-rate="1" branch-rate="1" complexity="1">
              <lines>
                <line number="15" hits="1" branch="False" />
                <line number="16" hits="1" branch="False" />
                <line number="17" hits="1" branch="False" />
                <line number="18" hits="1" branch="False" />
                <line number="19" hits="1" branch="False" />
                <line number="20" hits="1" branch="False" />
                <line number="21" hits="1" branch="False" />
                <line number="22" hits="1" branch="False" />
              </lines>
            </method>
          </methods>
          <lines>
            <line number="15" hits="1" branch="False" />
            <line number="16" hits="1" branch="False" />
            <line number="17" hits="1" branch="False" />
            <line number="18" hits="1" branch="False" />
            <line number="19" hits="1" branch="False" />
            <line number="20" hits="1" branch="False" />
            <line number="21" hits="1" branch="False" />
            <line number="22" hits="1" branch="False" />
          </lines>
        </class>
      </classes>
    </package>
  </packages>
</coverage>